0 info it worked if it ends with ok
1 verbose cli [ '/Users/lilcare/.nvm/versions/node/v6.13.1/bin/node',
1 verbose cli   '/Users/lilcare/.nvm/versions/node/v6.13.1/bin/npm',
1 verbose cli   'run',
1 verbose cli   'seedMongoDb' ]
2 info using npm@3.10.10
3 info using node@v6.13.1
4 verbose run-script [ 'preseedMongoDb', 'seedMongoDb', 'postseedMongoDb' ]
5 info lifecycle fec_reservations@1.0.0~preseedMongoDb: fec_reservations@1.0.0
6 silly lifecycle fec_reservations@1.0.0~preseedMongoDb: no script for preseedMongoDb, continuing
7 info lifecycle fec_reservations@1.0.0~seedMongoDb: fec_reservations@1.0.0
8 verbose lifecycle fec_reservations@1.0.0~seedMongoDb: unsafe-perm in lifecycle true
9 verbose lifecycle fec_reservations@1.0.0~seedMongoDb: PATH: /Users/lilcare/.nvm/versions/node/v6.13.1/lib/node_modules/npm/bin/node-gyp-bin:/Users/lilcare/projects/SDC/stay7omewhere-reservations/node_modules/.bin:/Users/lilcare/.nvm/versions/node/v6.13.1/bin:/usr/bin:/bin:/usr/sbin:/sbin:/usr/local/bin:/opt/X11/bin:/Users/lilcare/.nvm/versions/node/v6.13.1/bin:/anaconda3/bin:/anaconda3/condabin
10 verbose lifecycle fec_reservations@1.0.0~seedMongoDb: CWD: /Users/lilcare/projects/SDC/stay7omewhere-reservations
11 silly lifecycle fec_reservations@1.0.0~seedMongoDb: Args: [ '-c', 'node databases/mongodb/dbindex.js' ]
12 silly lifecycle fec_reservations@1.0.0~seedMongoDb: Returned: code: 1  signal: null
13 info lifecycle fec_reservations@1.0.0~seedMongoDb: Failed to exec seedMongoDb script
14 verbose stack Error: fec_reservations@1.0.0 seedMongoDb: `node databases/mongodb/dbindex.js`
14 verbose stack Exit status 1
14 verbose stack     at EventEmitter.<anonymous> (/Users/lilcare/.nvm/versions/node/v6.13.1/lib/node_modules/npm/lib/utils/lifecycle.js:255:16)
14 verbose stack     at emitTwo (events.js:106:13)
14 verbose stack     at EventEmitter.emit (events.js:191:7)
14 verbose stack     at ChildProcess.<anonymous> (/Users/lilcare/.nvm/versions/node/v6.13.1/lib/node_modules/npm/lib/utils/spawn.js:40:14)
14 verbose stack     at emitTwo (events.js:106:13)
14 verbose stack     at ChildProcess.emit (events.js:191:7)
14 verbose stack     at maybeClose (internal/child_process.js:920:16)
14 verbose stack     at Process.ChildProcess._handle.onexit (internal/child_process.js:230:5)
15 verbose pkgid fec_reservations@1.0.0
16 verbose cwd /Users/lilcare/projects/SDC/stay7omewhere-reservations
17 error Darwin 17.7.0
18 error argv "/Users/lilcare/.nvm/versions/node/v6.13.1/bin/node" "/Users/lilcare/.nvm/versions/node/v6.13.1/bin/npm" "run" "seedMongoDb"
19 error node v6.13.1
20 error npm  v3.10.10
21 error code ELIFECYCLE
22 error fec_reservations@1.0.0 seedMongoDb: `node databases/mongodb/dbindex.js`
22 error Exit status 1
23 error Failed at the fec_reservations@1.0.0 seedMongoDb script 'node databases/mongodb/dbindex.js'.
23 error Make sure you have the latest version of node.js and npm installed.
23 error If you do, this is most likely a problem with the fec_reservations package,
23 error not with npm itself.
23 error Tell the author that this fails on your system:
23 error     node databases/mongodb/dbindex.js
23 error You can get information on how to open an issue for this project with:
23 error     npm bugs fec_reservations
23 error Or if that isn't available, you can get their info via:
23 error     npm owner ls fec_reservations
23 error There is likely additional logging output above.
24 verbose exit [ 1, true ]
